<?xml version="1.0" encoding="UTF-8"?>
<testsuite xmlns:xsi="http://www.w3.org/2001/XMLSchema-instance" xsi:noNamespaceSchemaLocation="https://maven.apache.org/surefire/maven-surefire-plugin/xsd/surefire-test-report.xsd" version="3.0.2" name="com.ecommerce.config_Server.ConfigServerApplicationTests" time="4.429" tests="1" errors="0" skipped="0" failures="0">
  <properties>
[...]
</properties>
  <testcase name="contextLoads" classname="com.ecommerce.config_Server.ConfigServerApplicationTests" time="0.904">
    <system-out><![CDATA[01:48:35.512 [main] INFO org.springframework.test.context.support.AnnotationConfigContextLoaderUtils -- Could not detect default configuration classes for test class [com.ecommerce.config_Server.ConfigServerApplicationTests]: ConfigServerApplicationTests does not declare any static, non-private, non-final, nested classes annotated with @Configuration.
01:48:35.659 [main] INFO org.springframework.boot.test.context.SpringBootTestContextBootstrapper -- Found @SpringBootConfiguration com.ecommerce.config_Server.ConfigServerApplication for test class com.ecommerce.config_Server.ConfigServerApplicationTests

  .   ____          _            __ _ _
 /\\ / ___'_ __ _ _(_)_ __  __ _ \ \ \ \
( ( )\___ | '_ | '_| | '_ \/ _` | \ \ \ \
 \\/  ___)| |_)| | | | | || (_| |  ) ) ) )
  '  |____| .__|_| |_|_| |_\__, | / / / /
 =========|_|==============|___/=/_/_/_/

 :: Spring Boot ::                (v3.5.4)

2025-08-02T01:48:36.495+05:30  INFO 27640 --- [           main] c.e.c.ConfigServerApplicationTests       : Starting ConfigServerApplicationTests using Java 17.0.1 with PID 27640 (started by VK in C:\Users\91984\OneDrive\Desktop\E-Commerce-java-backend\config-Server)
2025-08-02T01:48:36.497+05:30  INFO 27640 --- [           main] c.e.c.ConfigServerApplicationTests       : No active profile set, falling back to 1 default profile: "default"
2025-08-02T01:48:37.532+05:30  INFO 27640 --- [           main] o.s.cloud.context.scope.GenericScope     : BeanFactory id=41cf6d0e-9fb0-3eca-bc59-a8d524db39f0
2025-08-02T01:48:38.830+05:30  INFO 27640 --- [           main] c.e.c.ConfigServerApplicationTests       : Started ConfigServerApplicationTests in 2.811 seconds (process running for 4.134)
]]></system-out>
  </testcase>
</testsuite>